<?xml version="1.0" encoding="UTF-8"?>
<!-- Generated by org.testng.reporters.JUnitReportReporter -->
<testsuite skipped="1" hostname="MusabayTechCorp" name="com.thegreatcourse.tests.TestingScreenshots" tests="2" failures="0" timestamp="12 Jan 2019 20:10:27 GMT" time="15.122" errors="0">
  <testcase name="testing_screen_capture2" time="15.122" classname="com.thegreatcourse.tests.TestingScreenshots"/>
  <testcase name="testing_screen_capture1" classname="com.thegreatcourse.tests.TestingScreenshots">
    <skipped/>
  </testcase> <!-- testing_screen_capture1 -->
</testsuite> <!-- com.thegreatcourse.tests.TestingScreenshots -->
