<?xml version="1.0" encoding="UTF-8"?>
<!-- Generated by org.testng.reporters.JUnitReportReporter -->
<testsuite skipped="0" hostname="MusabayTechCorp" name="com.Week10.tests.AlertTests" tests="1" failures="0" timestamp="26 Jan 2019 15:51:13 GMT" time="22.260" errors="0">
  <testcase name="testing_popup_alert" time="22.260" classname="com.Week10.tests.AlertTests"/>
</testsuite> <!-- com.Week10.tests.AlertTests -->
